<?xml version="1.0" encoding="UTF-8"?>
<!-- Generated by org.testng.reporters.JUnitXMLReporter -->
<testsuite ignored="0" hostname="LMMUM-LP-0957" failures="0" tests="4" name="Personal Loan" time="0.106" errors="0" timestamp="2024-12-14T08:07:22 IST">
  <testcase classname="TestNGTutorial.day1" name="demo" time="0.015"/>
  <testcase classname="TestNGTutorial.day1" name="demo2" time="0.002"/>
  <testcase classname="TestNGTutorial.day2" name="demo3" time="0.001"/>
  <testcase classname="TestNGTutorial.day2" name="demo4" time="0.001"/>
</testsuite> <!-- Personal Loan -->
