<?xml version="1.0" encoding="UTF-8"?>
<!-- Generated by org.testng.reporters.JUnitXMLReporter -->
<testsuite ignored="2" hostname="LMMUM-LP-0957" failures="0" tests="1" name="Your Loan" time="0.011" errors="0" timestamp="2024-12-18T23:46:13 IST">
  <testcase classname="TestNGTutorial.day3" name="exclude" time="0.002"/>
  <testcase classname="TestNGTutorial.day3" name="demo5" time="0.0">
    <ignored/>
  </testcase> <!-- demo5 -->
  <testcase classname="TestNGTutorial.day3" name="demo6" time="0.0">
    <ignored/>
  </testcase> <!-- demo6 -->
</testsuite> <!-- Your Loan -->
