<?xml version="1.0" encoding="UTF-8"?>
<testng-results ignored="0" total="1" passed="1" failed="0" skipped="0">
  <reporter-output>
    <line>
      <![CDATA[Setting up reports and test is ready]]>
    </line>
    <line>
      <![CDATA[Test is completed and Report is generated]]>
    </line>
  </reporter-output>
  <suite started-at="2025-04-07T17:14:09 IST" name="Default suite" finished-at="2025-04-07T17:14:25 IST" duration-ms="15641">
    <groups>
    </groups>
    <test started-at="2025-04-07T17:14:09 IST" name="Default test" finished-at="2025-04-07T17:14:25 IST" duration-ms="15641">
      <class name="com.automationTestCases.LoginTestCase">
        <test-method is-config="true" signature="setUpSuite()[pri:0, instance:com.automationTestCases.LoginTestCase@1e800aaa]" started-at="2025-04-07T17:14:08 IST" name="setUpSuite" finished-at="2025-04-07T17:14:09 IST" duration-ms="1288" status="PASS">
          <reporter-output>
            <line>
              <![CDATA[Setting up reports and test is ready]]>
            </line>
          </reporter-output>
        </test-method> <!-- setUpSuite -->
        <test-method is-config="true" signature="setUp()[pri:0, instance:com.automationTestCases.LoginTestCase@1e800aaa]" started-at="2025-04-07T17:14:09 IST" name="setUp" finished-at="2025-04-07T17:14:23 IST" duration-ms="14037" status="PASS">
          <reporter-output>
          </reporter-output>
        </test-method> <!-- setUp -->
        <test-method signature="loginApp()[pri:1, instance:com.automationTestCases.LoginTestCase@1e800aaa]" started-at="2025-04-07T17:14:23 IST" name="loginApp" finished-at="2025-04-07T17:14:24 IST" duration-ms="643" status="PASS">
          <reporter-output>
          </reporter-output>
        </test-method> <!-- loginApp -->
        <test-method is-config="true" signature="tearDownMethod(org.testng.ITestResult)[pri:0, instance:com.automationTestCases.LoginTestCase@1e800aaa]" started-at="2025-04-07T17:14:24 IST" name="tearDownMethod" finished-at="2025-04-07T17:14:24 IST" duration-ms="394" status="PASS">
          <params>
            <param index="0">
              <value>
                <![CDATA[[TestResult name=loginApp status=SUCCESS method=LoginTestCase.loginApp()[pri:1, instance:com.automationTestCases.LoginTestCase@1e800aaa] output={null}]]]>
              </value>
            </param>
          </params>
          <reporter-output>
            <line>
              <![CDATA[Test is completed and Report is generated]]>
            </line>
          </reporter-output>
        </test-method> <!-- tearDownMethod -->
        <test-method is-config="true" signature="tearDown()[pri:0, instance:com.automationTestCases.LoginTestCase@1e800aaa]" started-at="2025-04-07T17:14:24 IST" name="tearDown" finished-at="2025-04-07T17:14:25 IST" duration-ms="520" status="PASS">
          <reporter-output>
          </reporter-output>
        </test-method> <!-- tearDown -->
      </class> <!-- com.automationTestCases.LoginTestCase -->
    </test> <!-- Default test -->
  </suite> <!-- Default suite -->
</testng-results>
