<?xml version="1.0" encoding="UTF-8"?>
<testng-results ignored="0" total="2" passed="2" failed="0" skipped="0">
  <reporter-output>
  </reporter-output>
  <suite started-at="2024-12-28T23:57:52 IST" name="Default suite" finished-at="2024-12-28T23:57:52 IST" duration-ms="182">
    <groups>
    </groups>
    <test started-at="2024-12-28T23:57:52 IST" name="Default test" finished-at="2024-12-28T23:57:52 IST" duration-ms="182">
      <class name="Inheritance.PS1">
        <test-method is-config="true" signature="MySecondMethod()[pri:0, instance:Inheritance.PS1@7770f470]" started-at="2024-12-28T23:57:52 IST" name="MySecondMethod" finished-at="2024-12-28T23:57:52 IST" duration-ms="31" status="PASS">
          <reporter-output>
          </reporter-output>
        </test-method> <!-- MySecondMethod -->
        <test-method signature="MyMethod()[pri:0, instance:Inheritance.PS1@7770f470]" started-at="2024-12-28T23:57:52 IST" name="MyMethod" finished-at="2024-12-28T23:57:52 IST" duration-ms="12" status="PASS">
          <reporter-output>
          </reporter-output>
        </test-method> <!-- MyMethod -->
        <test-method signature="YourMethod()[pri:0, instance:Inheritance.PS1@7770f470]" started-at="2024-12-28T23:57:52 IST" name="YourMethod" finished-at="2024-12-28T23:57:52 IST" duration-ms="17" status="PASS">
          <reporter-output>
          </reporter-output>
        </test-method> <!-- YourMethod -->
      </class> <!-- Inheritance.PS1 -->
    </test> <!-- Default test -->
  </suite> <!-- Default suite -->
</testng-results>
